  Lib_AA2.cpp
c:\users\marcs\source\repos\aa2_comandos\lib_aa2\lib_aa2.cpp(20): warning C4996: 'scanf': This function or variable may be unsafe. Consider using scanf_s instead. To disable deprecation, use _CRT_SECURE_NO_WARNINGS. See online help for details.
  c:\program files (x86)\windows kits\10\include\10.0.17134.0\ucrt\stdio.h(1274): note: vea la declaración de 'scanf'
c:\users\marcs\source\repos\aa2_comandos\lib_aa2\lib_aa2.cpp(23): warning C4996: 'fopen': This function or variable may be unsafe. Consider using fopen_s instead. To disable deprecation, use _CRT_SECURE_NO_WARNINGS. See online help for details.
  c:\program files (x86)\windows kits\10\include\10.0.17134.0\ucrt\stdio.h(208): note: vea la declaración de 'fopen'
c:\users\marcs\source\repos\aa2_comandos\lib_aa2\lib_aa2.cpp(80): warning C4476: 'printf' : carácter de tipo desconocido 'Q' en el especificador de formato
c:\users\marcs\source\repos\aa2_comandos\lib_aa2\lib_aa2.cpp(80): warning C4474: "printf": se pasaron demasiados argumentos para la cadena de formato
  c:\users\marcs\source\repos\aa2_comandos\lib_aa2\lib_aa2.cpp(80): note: los marcadores de posición y sus parámetros esperan 0 argumentos variádicos, pero se proporcionaron 1
c:\users\marcs\source\repos\aa2_comandos\lib_aa2\lib_aa2.cpp(48): warning C4996: 'scanf': This function or variable may be unsafe. Consider using scanf_s instead. To disable deprecation, use _CRT_SECURE_NO_WARNINGS. See online help for details.
  c:\program files (x86)\windows kits\10\include\10.0.17134.0\ucrt\stdio.h(1274): note: vea la declaración de 'scanf'
c:\users\marcs\source\repos\aa2_comandos\lib_aa2\lib_aa2.cpp(51): warning C4996: 'fopen': This function or variable may be unsafe. Consider using fopen_s instead. To disable deprecation, use _CRT_SECURE_NO_WARNINGS. See online help for details.
  c:\program files (x86)\windows kits\10\include\10.0.17134.0\ucrt\stdio.h(208): note: vea la declaración de 'fopen'
c:\users\marcs\source\repos\aa2_comandos\lib_aa2\lib_aa2.cpp(59): warning C4996: 'scanf': This function or variable may be unsafe. Consider using scanf_s instead. To disable deprecation, use _CRT_SECURE_NO_WARNINGS. See online help for details.
  c:\program files (x86)\windows kits\10\include\10.0.17134.0\ucrt\stdio.h(1274): note: vea la declaración de 'scanf'
c:\users\marcs\source\repos\aa2_comandos\lib_aa2\lib_aa2.cpp(62): warning C4996: 'fopen': This function or variable may be unsafe. Consider using fopen_s instead. To disable deprecation, use _CRT_SECURE_NO_WARNINGS. See online help for details.
  c:\program files (x86)\windows kits\10\include\10.0.17134.0\ucrt\stdio.h(208): note: vea la declaración de 'fopen'
c:\users\marcs\source\repos\aa2_comandos\lib_aa2\lib_aa2.cpp(81): warning C4996: 'scanf': This function or variable may be unsafe. Consider using scanf_s instead. To disable deprecation, use _CRT_SECURE_NO_WARNINGS. See online help for details.
  c:\program files (x86)\windows kits\10\include\10.0.17134.0\ucrt\stdio.h(1274): note: vea la declaración de 'scanf'
c:\users\marcs\source\repos\aa2_comandos\lib_aa2\lib_aa2.cpp(103): warning C4996: 'scanf': This function or variable may be unsafe. Consider using scanf_s instead. To disable deprecation, use _CRT_SECURE_NO_WARNINGS. See online help for details.
  c:\program files (x86)\windows kits\10\include\10.0.17134.0\ucrt\stdio.h(1274): note: vea la declaración de 'scanf'
c:\users\marcs\source\repos\aa2_comandos\lib_aa2\lib_aa2.cpp(106): warning C4996: 'fopen': This function or variable may be unsafe. Consider using fopen_s instead. To disable deprecation, use _CRT_SECURE_NO_WARNINGS. See online help for details.
  c:\program files (x86)\windows kits\10\include\10.0.17134.0\ucrt\stdio.h(208): note: vea la declaración de 'fopen'
c:\users\marcs\source\repos\aa2_comandos\lib_aa2\lib_aa2.cpp(113): warning C4996: 'scanf': This function or variable may be unsafe. Consider using scanf_s instead. To disable deprecation, use _CRT_SECURE_NO_WARNINGS. See online help for details.
  c:\program files (x86)\windows kits\10\include\10.0.17134.0\ucrt\stdio.h(1274): note: vea la declaración de 'scanf'
c:\users\marcs\source\repos\aa2_comandos\lib_aa2\lib_aa2.cpp(116): warning C4996: 'fscanf': This function or variable may be unsafe. Consider using fscanf_s instead. To disable deprecation, use _CRT_SECURE_NO_WARNINGS. See online help for details.
  c:\program files (x86)\windows kits\10\include\10.0.17134.0\ucrt\stdio.h(1197): note: vea la declaración de 'fscanf'
  Lib_AA2.vcxproj -> C:\Users\marcs\source\repos\AA2_Comandos\x64\Debug\Lib_AA2.lib
