  AA2_Comandos.cpp
c:\users\marcs\source\repos\aa2_comandos\aa2_comandos\aa2_comandos.cpp(32): warning C4996: 'scanf': This function or variable may be unsafe. Consider using scanf_s instead. To disable deprecation, use _CRT_SECURE_NO_WARNINGS. See online help for details.
  c:\program files (x86)\windows kits\10\include\10.0.17134.0\ucrt\stdio.h(1274): note: vea la declaración de 'scanf'
c:\users\marcs\source\repos\aa2_comandos\aa2_comandos\aa2_comandos.cpp(92): warning C4996: 'scanf': This function or variable may be unsafe. Consider using scanf_s instead. To disable deprecation, use _CRT_SECURE_NO_WARNINGS. See online help for details.
  c:\program files (x86)\windows kits\10\include\10.0.17134.0\ucrt\stdio.h(1274): note: vea la declaración de 'scanf'
c:\users\marcs\source\repos\aa2_comandos\aa2_comandos\aa2_comandos.cpp(95): warning C4996: 'fopen': This function or variable may be unsafe. Consider using fopen_s instead. To disable deprecation, use _CRT_SECURE_NO_WARNINGS. See online help for details.
  c:\program files (x86)\windows kits\10\include\10.0.17134.0\ucrt\stdio.h(208): note: vea la declaración de 'fopen'
c:\users\marcs\source\repos\aa2_comandos\aa2_comandos\aa2_comandos.cpp(158): warning C4476: 'printf' : carácter de tipo desconocido 'Q' en el especificador de formato
c:\users\marcs\source\repos\aa2_comandos\aa2_comandos\aa2_comandos.cpp(158): warning C4474: "printf": se pasaron demasiados argumentos para la cadena de formato
  c:\users\marcs\source\repos\aa2_comandos\aa2_comandos\aa2_comandos.cpp(158): note: los marcadores de posición y sus parámetros esperan 0 argumentos variádicos, pero se proporcionaron 1
c:\users\marcs\source\repos\aa2_comandos\aa2_comandos\aa2_comandos.cpp(122): warning C4996: 'scanf': This function or variable may be unsafe. Consider using scanf_s instead. To disable deprecation, use _CRT_SECURE_NO_WARNINGS. See online help for details.
  c:\program files (x86)\windows kits\10\include\10.0.17134.0\ucrt\stdio.h(1274): note: vea la declaración de 'scanf'
c:\users\marcs\source\repos\aa2_comandos\aa2_comandos\aa2_comandos.cpp(125): warning C4996: 'fopen': This function or variable may be unsafe. Consider using fopen_s instead. To disable deprecation, use _CRT_SECURE_NO_WARNINGS. See online help for details.
  c:\program files (x86)\windows kits\10\include\10.0.17134.0\ucrt\stdio.h(208): note: vea la declaración de 'fopen'
c:\users\marcs\source\repos\aa2_comandos\aa2_comandos\aa2_comandos.cpp(135): warning C4996: 'scanf': This function or variable may be unsafe. Consider using scanf_s instead. To disable deprecation, use _CRT_SECURE_NO_WARNINGS. See online help for details.
  c:\program files (x86)\windows kits\10\include\10.0.17134.0\ucrt\stdio.h(1274): note: vea la declaración de 'scanf'
c:\users\marcs\source\repos\aa2_comandos\aa2_comandos\aa2_comandos.cpp(138): warning C4996: 'fopen': This function or variable may be unsafe. Consider using fopen_s instead. To disable deprecation, use _CRT_SECURE_NO_WARNINGS. See online help for details.
  c:\program files (x86)\windows kits\10\include\10.0.17134.0\ucrt\stdio.h(208): note: vea la declaración de 'fopen'
c:\users\marcs\source\repos\aa2_comandos\aa2_comandos\aa2_comandos.cpp(159): warning C4996: 'scanf': This function or variable may be unsafe. Consider using scanf_s instead. To disable deprecation, use _CRT_SECURE_NO_WARNINGS. See online help for details.
  c:\program files (x86)\windows kits\10\include\10.0.17134.0\ucrt\stdio.h(1274): note: vea la declaración de 'scanf'
c:\users\marcs\source\repos\aa2_comandos\aa2_comandos\aa2_comandos.cpp(181): warning C4996: 'scanf': This function or variable may be unsafe. Consider using scanf_s instead. To disable deprecation, use _CRT_SECURE_NO_WARNINGS. See online help for details.
  c:\program files (x86)\windows kits\10\include\10.0.17134.0\ucrt\stdio.h(1274): note: vea la declaración de 'scanf'
c:\users\marcs\source\repos\aa2_comandos\aa2_comandos\aa2_comandos.cpp(184): warning C4996: 'fopen': This function or variable may be unsafe. Consider using fopen_s instead. To disable deprecation, use _CRT_SECURE_NO_WARNINGS. See online help for details.
  c:\program files (x86)\windows kits\10\include\10.0.17134.0\ucrt\stdio.h(208): note: vea la declaración de 'fopen'
  AA2_Comandos.vcxproj -> C:\Users\marcs\source\repos\AA2_Comandos\Debug\AA2_Comandos.exe
